生成启动时间为 2017/10/2 13:20:11。
     1>项目“E:\Mighty Final Fight\Mighty Final Fight\Mighty Final Fight.vcxproj”在节点 2 上(rebuild 个目标)。
     1>_PrepareForClean:
         正在删除文件“Debug\Mighty Final Fight.lastbuildstate”。
       InitializeBuildStatus:
         正在对“Debug\Mighty Final Fight.unsuccessfulbuild”执行 Touch 任务。
       ClCompile:
         D:\VS2010\VC\bin\CL.exe /c /ZI /nologo /W3 /WX- /MP /Od /Oy- /D WIN32 /D _DEBUG /D _CONSOLE /D _UNICODE /D UNICODE /Gm- /EHsc /RTC1 /MTd /GS /fp:precise /Zc:wchar_t /Zc:forScope /Fo"Debug\\" /Fd"Debug\vc100.pdb" /Gd /TC /analyze- /errorReport:prompt frame.c frame.cody.c frame.hedgehog.c frame.queue.c fsm.cody.c global.c joypad_buffer_deque.c main2.c snd.background.c snd.cody.c startup_0.c
         frame.c
         frame.cody.c
         frame.hedgehog.c
         frame.queue.c
         fsm.cody.c
         global.c
         joypad_buffer_deque.c
         main2.c
         snd.background.c
     1>e:\mighty final fight\mighty final fight\fsm.cody.c(103): warning C4028: 形参 3 与声明不同
     1>e:\mighty final fight\mighty final fight\fsm.cody.c(143): warning C4244: “=”: 从“uint64_t”转换到“int”，可能丢失数据
         snd.cody.c
     1>e:\mighty final fight\mighty final fight\main2.c(24): warning C4244: “函数”: 从“uint64_t”转换到“int”，可能丢失数据
     1>e:\mighty final fight\mighty final fight\snd.background.c(13): warning C4010: 单行注释包含行继续符
     1>e:\mighty final fight\mighty final fight\snd.background.c(14): warning C4010: 单行注释包含行继续符
     1>e:\mighty final fight\mighty final fight\snd.background.c(15): warning C4010: 单行注释包含行继续符
     1>e:\mighty final fight\mighty final fight\snd.background.c(19): warning C4010: 单行注释包含行继续符
     1>e:\mighty final fight\mighty final fight\snd.background.c(20): warning C4010: 单行注释包含行继续符
     1>e:\mighty final fight\mighty final fight\snd.background.c(21): warning C4010: 单行注释包含行继续符
     1>e:\mighty final fight\mighty final fight\snd.background.c(50): warning C4010: 单行注释包含行继续符
     1>e:\mighty final fight\mighty final fight\snd.background.c(51): warning C4010: 单行注释包含行继续符
     1>e:\mighty final fight\mighty final fight\snd.background.c(52): warning C4010: 单行注释包含行继续符
     1>e:\mighty final fight\mighty final fight\snd.background.c(53): warning C4010: 单行注释包含行继续符
     1>e:\mighty final fight\mighty final fight\snd.background.c(57): warning C4010: 单行注释包含行继续符
     1>e:\mighty final fight\mighty final fight\snd.background.c(58): warning C4010: 单行注释包含行继续符
     1>e:\mighty final fight\mighty final fight\snd.background.c(59): warning C4010: 单行注释包含行继续符
     1>e:\mighty final fight\mighty final fight\snd.background.c(60): warning C4010: 单行注释包含行继续符
         startup_0.c
       Link:
         D:\VS2010\VC\bin\link.exe /ERRORREPORT:PROMPT /OUT:"E:\Mighty Final Fight\Debug\Mighty Final Fight.exe" /INCREMENTAL /NOLOGO 8bit_host.lib kernel32.lib user32.lib gdi32.lib winspool.lib comdlg32.lib advapi32.lib shell32.lib ole32.lib oleaut32.lib uuid.lib odbc32.lib odbccp32.lib /MANIFEST /ManifestFile:"Debug\Mighty Final Fight.exe.intermediate.manifest" /MANIFESTUAC:"level='asInvoker' uiAccess='false'" /DEBUG /PDB:"E:\Mighty Final Fight\Debug\Mighty Final Fight.pdb" /SUBSYSTEM:CONSOLE /TLBID:1 /DYNAMICBASE /NXCOMPAT /IMPLIB:"E:\Mighty Final Fight\Debug\Mighty Final Fight.lib" /MACHINE:X86 Debug\frame.obj
         Debug\frame.cody.obj
         Debug\frame.hedgehog.obj
         Debug\frame.queue.obj
         Debug\fsm.cody.obj
         Debug\global.obj
         Debug\joypad_buffer_deque.obj
         Debug\main2.obj
         Debug\snd.background.obj
         Debug\snd.cody.obj
         Debug\startup_0.obj
         Mighty Final Fight.vcxproj -> E:\Mighty Final Fight\Debug\Mighty Final Fight.exe
       Manifest:
         C:\Program Files (x86)\Microsoft SDKs\Windows\v7.0A\bin\mt.exe /nologo /verbose /out:"E:\Mighty Final Fight\Debug\Mighty Final Fight.exe.manifest" /manifest "Debug\Mighty Final Fight.exe.intermediate.manifest"
       FinalizeBuildStatus:
         正在删除文件“Debug\Mighty Final Fight.unsuccessfulbuild”。
         正在对“Debug\Mighty Final Fight.lastbuildstate”执行 Touch 任务。
     1>已完成生成项目“E:\Mighty Final Fight\Mighty Final Fight\Mighty Final Fight.vcxproj”(rebuild 个目标)的操作。

生成成功。

已用时间 00:00:04.18
