E:\Mighty Final Fight\Mighty Final Fight\Debug\CL.3236.read.1.tlog
E:\Mighty Final Fight\Mighty Final Fight\Debug\CL.3236.write.1.tlog
E:\Mighty Final Fight\Mighty Final Fight\Debug\CL.8232.read.1.tlog
E:\Mighty Final Fight\Mighty Final Fight\Debug\CL.8232.write.1.tlog
E:\Mighty Final Fight\Mighty Final Fight\Debug\CL.8304.read.1.tlog
E:\Mighty Final Fight\Mighty Final Fight\Debug\CL.8304.write.1.tlog
E:\Mighty Final Fight\Mighty Final Fight\Debug\CL.9864.read.1.tlog
E:\Mighty Final Fight\Mighty Final Fight\Debug\CL.9864.write.1.tlog
E:\Mighty Final Fight\Mighty Final Fight\Debug\cl.command.1.tlog
E:\Mighty Final Fight\Mighty Final Fight\Debug\CL.read.1.tlog
E:\Mighty Final Fight\Mighty Final Fight\Debug\cl.write.1.tlog
E:\Mighty Final Fight\Mighty Final Fight\Debug\frame.cody.obj
E:\Mighty Final Fight\Mighty Final Fight\Debug\frame.hedgehog.obj
E:\Mighty Final Fight\Mighty Final Fight\Debug\frame.obj
E:\Mighty Final Fight\Mighty Final Fight\Debug\frame.queue.obj
E:\Mighty Final Fight\Mighty Final Fight\Debug\fsm.cody.obj
E:\Mighty Final Fight\Mighty Final Fight\Debug\global.obj
E:\Mighty Final Fight\Mighty Final Fight\Debug\joypad_buffer_deque.obj
E:\Mighty Final Fight\Mighty Final Fight\Debug\link.command.1.tlog
E:\Mighty Final Fight\Mighty Final Fight\Debug\link.read.1.tlog
E:\Mighty Final Fight\Mighty Final Fight\Debug\link.write.1.tlog
E:\Mighty Final Fight\Mighty Final Fight\Debug\main2.obj
E:\Mighty Final Fight\Mighty Final Fight\Debug\Mighty Final Fight.vcxprojResolveAssemblyReference.cache
E:\Mighty Final Fight\Mighty Final Fight\Debug\Mighty Final Fight.write.1.tlog
E:\Mighty Final Fight\Mighty Final Fight\Debug\snd.background.obj
E:\Mighty Final Fight\Mighty Final Fight\Debug\snd.cody.obj
E:\Mighty Final Fight\Mighty Final Fight\Debug\startup_0.obj
E:\Mighty Final Fight\Mighty Final Fight\Debug\vc100.idb
E:\MIGHTY FINAL FIGHT\MIGHTY FINAL FIGHT\DEBUG\VC100.PDB
